2023-02-06 11:07:15,523 ERROR 10660 nodejs.SequelizeHostNotFoundError: getaddrinfo ENOTFOUND host.docker.internal
    at ConnectionManager.connect (/Users/liaozhikuan/Documents/GitHub/firstweek/node_modules/sequelize/lib/dialects/mysql/connection-manager.js:96:17)
    at process.processTicksAndRejections (node:internal/process/task_queues:95:5)
    at async ConnectionManager._connect (/Users/liaozhikuan/Documents/GitHub/firstweek/node_modules/sequelize/lib/dialects/abstract/connection-manager.js:220:24)
    at async /Users/liaozhikuan/Documents/GitHub/firstweek/node_modules/sequelize/lib/dialects/abstract/connection-manager.js:174:32
    at async ConnectionManager.getConnection (/Users/liaozhikuan/Documents/GitHub/firstweek/node_modules/sequelize/lib/dialects/abstract/connection-manager.js:197:7)
    at async /Users/liaozhikuan/Documents/GitHub/firstweek/node_modules/sequelize/lib/sequelize.js:304:26
    at async Sequelize.authenticate (/Users/liaozhikuan/Documents/GitHub/firstweek/node_modules/sequelize/lib/sequelize.js:456:5)
    at async authenticate (/Users/liaozhikuan/Documents/GitHub/firstweek/node_modules/egg-sequelize/lib/loader.js:134:7)
    at async authenticate (/Users/liaozhikuan/Documents/GitHub/firstweek/node_modules/egg-sequelize/lib/loader.js:142:7)
    at async authenticate (/Users/liaozhikuan/Documents/GitHub/firstweek/node_modules/egg-sequelize/lib/loader.js:142:7)
name: "SequelizeHostNotFoundError"
parent: {"errno":-3008,"code":"ENOTFOUND","syscall":"getaddrinfo","hostname":"host.docker.internal","fatal":true}
original: {"errno":-3008,"code":"ENOTFOUND","syscall":"getaddrinfo","hostname":"host.docker.internal","fatal":true}
pid: 10660
hostname: TangChuandeMacBook-Air-3.local

2023-02-06 11:07:40,223 ERROR 10715 nodejs.SequelizeHostNotFoundError: getaddrinfo ENOTFOUND host.docker.internal
    at ConnectionManager.connect (/Users/liaozhikuan/Documents/GitHub/firstweek/node_modules/sequelize/lib/dialects/mysql/connection-manager.js:96:17)
    at process.processTicksAndRejections (node:internal/process/task_queues:95:5)
    at async ConnectionManager._connect (/Users/liaozhikuan/Documents/GitHub/firstweek/node_modules/sequelize/lib/dialects/abstract/connection-manager.js:220:24)
    at async /Users/liaozhikuan/Documents/GitHub/firstweek/node_modules/sequelize/lib/dialects/abstract/connection-manager.js:174:32
    at async ConnectionManager.getConnection (/Users/liaozhikuan/Documents/GitHub/firstweek/node_modules/sequelize/lib/dialects/abstract/connection-manager.js:197:7)
    at async /Users/liaozhikuan/Documents/GitHub/firstweek/node_modules/sequelize/lib/sequelize.js:304:26
    at async Sequelize.authenticate (/Users/liaozhikuan/Documents/GitHub/firstweek/node_modules/sequelize/lib/sequelize.js:456:5)
    at async authenticate (/Users/liaozhikuan/Documents/GitHub/firstweek/node_modules/egg-sequelize/lib/loader.js:134:7)
    at async authenticate (/Users/liaozhikuan/Documents/GitHub/firstweek/node_modules/egg-sequelize/lib/loader.js:142:7)
    at async authenticate (/Users/liaozhikuan/Documents/GitHub/firstweek/node_modules/egg-sequelize/lib/loader.js:142:7)
name: "SequelizeHostNotFoundError"
parent: {"errno":-3008,"code":"ENOTFOUND","syscall":"getaddrinfo","hostname":"host.docker.internal","fatal":true}
original: {"errno":-3008,"code":"ENOTFOUND","syscall":"getaddrinfo","hostname":"host.docker.internal","fatal":true}
pid: 10715
hostname: TangChuandeMacBook-Air-3.local

