2023-02-06 11:08:20,238 INFO 10793 [egg:logger] init all loggers with options: {"dir":"/Users/liaozhikuan/Documents/GitHub/firstweek/logs/messageboard","encoding":"utf8","env":"local","level":"INFO","consoleLevel":"INFO","disableConsoleAfterReady":false,"outputJSON":false,"buffer":true,"appLogName":"messageboard-web.log","coreLogName":"egg-web.log","agentLogName":"egg-agent.log","errorLogName":"common-error.log","coreLogger":{"consoleLevel":"WARN"},"allowDebugAtProd":false,"enablePerformanceTimer":false,"type":"application"}
2023-02-06 11:08:20,238 INFO 10793 [egg-multipart] stream mode enable
2023-02-06 11:08:20,345 INFO 10793 [egg-static] starting static serve /public/ -> /Users/liaozhikuan/Documents/GitHub/firstweek/app/public
2023-02-06 11:08:20,346 INFO 10793 [egg-security] use methodnoallow middleware
2023-02-06 11:08:20,346 INFO 10793 [egg-security] use noopen middleware
2023-02-06 11:08:20,346 INFO 10793 [egg-security] use nosniff middleware
2023-02-06 11:08:20,347 INFO 10793 [egg-security] use xssProtection middleware
2023-02-06 11:08:20,347 INFO 10793 [egg-security] use xframe middleware
2023-02-06 11:08:20,347 INFO 10793 [egg-security] use dta middleware
2023-02-06 11:08:20,347 INFO 10793 [egg-security] compose 6 middlewares into one security middleware
2023-02-06 11:08:20,353 INFO 10793 [egg:core] dump config after load, 2ms
2023-02-06 11:08:20,368 INFO 10793 [egg-watcher:application] watcher start success
2023-02-06 11:08:20,402 INFO 10793 [egg:core] dump config after ready, 2ms
2023-02-06 13:32:58,034 INFO 15073 [egg:logger] init all loggers with options: {"dir":"/Users/liaozhikuan/Documents/GitHub/firstweek/logs/messageboard","encoding":"utf8","env":"local","level":"INFO","consoleLevel":"INFO","disableConsoleAfterReady":false,"outputJSON":false,"buffer":true,"appLogName":"messageboard-web.log","coreLogName":"egg-web.log","agentLogName":"egg-agent.log","errorLogName":"common-error.log","coreLogger":{"consoleLevel":"WARN"},"allowDebugAtProd":false,"enablePerformanceTimer":false,"type":"application"}
2023-02-06 13:32:58,035 INFO 15073 [egg-multipart] stream mode enable
2023-02-06 13:32:58,138 INFO 15073 [egg-static] starting static serve /public/ -> /Users/liaozhikuan/Documents/GitHub/firstweek/app/public
2023-02-06 13:32:58,138 INFO 15073 [egg-security] use methodnoallow middleware
2023-02-06 13:32:58,139 INFO 15073 [egg-security] use noopen middleware
2023-02-06 13:32:58,139 INFO 15073 [egg-security] use nosniff middleware
2023-02-06 13:32:58,139 INFO 15073 [egg-security] use xssProtection middleware
2023-02-06 13:32:58,139 INFO 15073 [egg-security] use xframe middleware
2023-02-06 13:32:58,139 INFO 15073 [egg-security] use dta middleware
2023-02-06 13:32:58,139 INFO 15073 [egg-security] compose 6 middlewares into one security middleware
2023-02-06 13:32:58,145 INFO 15073 [egg:core] dump config after load, 2ms
2023-02-06 13:32:58,160 INFO 15073 [egg-watcher:application] watcher start success
2023-02-06 13:32:58,195 INFO 15073 [egg:core] dump config after ready, 2ms
